<?xml version="1.0" encoding="UTF-8"?>
<!-- Generated by org.testng.reporters.JUnitXMLReporter -->
<testsuite ignored="0" hostname="BS413s-MacBook-Pro.local" failures="0" tests="5" name="Default test" time="53.317" errors="0" timestamp="2022-03-21T15:56:55 BDT">
  <testcase classname="com.demo.testcases.CurrencyConversionCalculatorPageTest" name="verifyLogo" time="4.123"/>
  <testcase classname="com.demo.testcases.CurrencyConversionCalculatorPageTest" name="sellAndBuyFieldVerify" time="2.747"/>
  <testcase classname="com.demo.testcases.CurrencyConversionCalculatorPageTest" name="currencyVerifyAccordingToCountry" time="8.156"/>
  <testcase classname="com.demo.testcases.CurrencyConversionCalculatorPageTest" name="currencyRateUpdateVerifyAccordingToCountry" time="14.104"/>
  <testcase classname="com.demo.testcases.CurrencyConversionCalculatorPageTest" name="lossAmountVerification" time="7.134"/>
</testsuite> <!-- Default test -->
